# JRE version: OpenJDK Runtime Environment Temurin-21.0.11+10 (21.0.11+10) (build 21.0.11+10-LTS)
# Java VM: OpenJDK 64-Bit Server VM Temurin-21.0.11+10 (21.0.11+10-LTS, mixed mode, sharing, tiered, compressed oops, compressed class ptrs, parallel gc, windows-amd64)
GC Precious Log:
 CardTable entry size: 512
 CPUs: 12 total, 12 available
 Memory: 16068M
 Large Page Support: Disabled
 NUMA Support: Disabled
 Compressed Oops: Enabled (32-bit)
 Alignments: Space 512K, Generation 512K, Heap 2M
 Heap Min Capacity: 100M
 Heap Initial Capacity: 100M
 Heap Max Capacity: 2G
 Pre-touch: Disabled
 Parallel Workers: 10
Heap:
 PSYoungGen      total 9216K, used 4725K [0x00000000d5580000, 0x00000000d6080000, 0x0000000100000000)
  eden space 8704K, 50% used [0x00000000d5580000,0x00000000d59d57f8,0x00000000d5e00000)
  from space 512K, 56% used [0x00000000d5f80000,0x00000000d5fc8000,0x00000000d6000000)
  to   space 512K, 0% used [0x00000000d6000000,0x00000000d6000000,0x00000000d6080000)
 ParOldGen       total 730624K, used 730368K [0x0000000080000000, 0x00000000ac980000, 0x00000000d5580000)
  object space 730624K, 99% used [0x0000000080000000,0x00000000ac940178,0x00000000ac980000)
 Metaspace       used 100313K, committed 102080K, reserved 1179648K
  class space    used 10111K, committed 10944K, reserved 1048576K
GC Heap History (20 events):
Event: 79389.317 GC heap before
{Heap before GC invocations=3338 (full 7):
 PSYoungGen      total 9728K, used 9670K [0x00000000d5580000, 0x00000000d6280000, 0x0000000100000000)
  eden space 9216K, 100% used [0x00000000d5580000,0x00000000d5e80000,0x00000000d5e80000)
  from space 512K, 88% used [0x00000000d6180000,0x00000000d61f1a68,0x00000000d6200000)
  to   space 512K, 0% used [0x00000000d6200000,0x00000000d6200000,0x00000000d6280000)
 ParOldGen       total 727040K, used 726564K [0x0000000080000000, 0x00000000ac600000, 0x00000000d5580000)
  object space 727040K, 99% used [0x0000000080000000,0x00000000ac5892c8,0x00000000ac600000)
 Metaspace       used 100270K, committed 102016K, reserved 1179648K
  class space    used 10111K, committed 10944K, reserved 1048576K
}
Event: 79389.320 GC heap after
{Heap after GC invocations=3338 (full 7):
 PSYoungGen      total 9728K, used 512K [0x00000000d5580000, 0x00000000d6280000, 0x0000000100000000)
  eden space 9216K, 0% used [0x00000000d5580000,0x00000000d5580000,0x00000000d5e80000)
  from space 512K, 100% used [0x00000000d6200000,0x00000000d6280000,0x00000000d6280000)
  to   space 1024K, 0% used [0x00000000d6080000,0x00000000d6080000,0x00000000d6180000)
 ParOldGen       total 727040K, used 726732K [0x0000000080000000, 0x00000000ac600000, 0x00000000d5580000)
  object space 727040K, 99% used [0x0000000080000000,0x00000000ac5b32c8,0x00000000ac600000)
 Metaspace       used 100270K, committed 102016K, reserved 1179648K
  class space    used 10111K, committed 10944K, reserved 1048576K
}
Event: 79395.390 GC heap before
{Heap before GC invocations=3339 (full 7):
 PSYoungGen      total 9728K, used 9728K [0x00000000d5580000, 0x00000000d6280000, 0x0000000100000000)
  eden space 9216K, 100% used [0x00000000d5580000,0x00000000d5e80000,0x00000000d5e80000)
  from space 512K, 100% used [0x00000000d6200000,0x00000000d6280000,0x00000000d6280000)
  to   space 1024K, 0% used [0x00000000d6080000,0x00000000d6080000,0x00000000d6180000)
 ParOldGen       total 727040K, used 726732K [0x0000000080000000, 0x00000000ac600000, 0x00000000d5580000)
  object space 727040K, 99% used [0x0000000080000000,0x00000000ac5b32c8,0x00000000ac600000)
 Metaspace       used 100288K, committed 102080K, reserved 1179648K
  class space    used 10111K, committed 10944K, reserved 1048576K
}
Event: 79395.392 GC heap after
{Heap after GC invocations=3339 (full 7):
 PSYoungGen      total 10240K, used 538K [0x00000000d5580000, 0x00000000d6280000, 0x0000000100000000)
  eden space 9216K, 0% used [0x00000000d5580000,0x00000000d5580000,0x00000000d5e80000)
  from space 1024K, 52% used [0x00000000d6080000,0x00000000d6106900,0x00000000d6180000)
  to   space 1024K, 0% used [0x00000000d6180000,0x00000000d6180000,0x00000000d6280000)
 ParOldGen       total 727552K, used 727180K [0x0000000080000000, 0x00000000ac680000, 0x00000000d5580000)
  object space 727552K, 99% used [0x0000000080000000,0x00000000ac6232c8,0x00000000ac680000)
 Metaspace       used 100288K, committed 102080K, reserved 1179648K
  class space    used 10111K, committed 10944K, reserved 1048576K
}
Event: 79395.413 GC heap before
{Heap before GC invocations=3340 (full 7):
 PSYoungGen      total 10240K, used 9754K [0x00000000d5580000, 0x00000000d6280000, 0x0000000100000000)
  eden space 9216K, 100% used [0x00000000d5580000,0x00000000d5e80000,0x00000000d5e80000)
  from space 1024K, 52% used [0x00000000d6080000,0x00000000d6106900,0x00000000d6180000)
  to   space 1024K, 0% used [0x00000000d6180000,0x00000000d6180000,0x00000000d6280000)
 ParOldGen       total 727552K, used 727180K [0x0000000080000000, 0x00000000ac680000, 0x00000000d5580000)
  object space 727552K, 99% used [0x0000000080000000,0x00000000ac6232c8,0x00000000ac680000)
 Metaspace       used 100290K, committed 102080K, reserved 1179648K
  class space    used 10111K, committed 10944K, reserved 1048576K
}
Event: 79395.415 GC heap after
{Heap after GC invocations=3340 (full 7):
 PSYoungGen      total 9728K, used 378K [0x00000000d5580000, 0x00000000d6200000, 0x0000000100000000)
  eden space 9216K, 0% used [0x00000000d5580000,0x00000000d5580000,0x00000000d5e80000)
  from space 512K, 73% used [0x00000000d6180000,0x00000000d61de900,0x00000000d6200000)
  to   space 512K, 0% used [0x00000000d6100000,0x00000000d6100000,0x00000000d6180000)
 ParOldGen       total 727552K, used 727228K [0x0000000080000000, 0x00000000ac680000, 0x00000000d5580000)
  object space 727552K, 99% used [0x0000000080000000,0x00000000ac62f2c8,0x00000000ac680000)
 Metaspace       used 100290K, committed 102080K, reserved 1179648K
  class space    used 10111K, committed 10944K, reserved 1048576K
}
Event: 79404.348 GC heap before
{Heap before GC invocations=3341 (full 7):
 PSYoungGen      total 9728K, used 9594K [0x00000000d5580000, 0x00000000d6200000, 0x0000000100000000)
  eden space 9216K, 100% used [0x00000000d5580000,0x00000000d5e80000,0x00000000d5e80000)
  from space 512K, 73% used [0x00000000d6180000,0x00000000d61de900,0x00000000d6200000)
  to   space 512K, 0% used [0x00000000d6100000,0x00000000d6100000,0x00000000d6180000)
 ParOldGen       total 727552K, used 727228K [0x0000000080000000, 0x00000000ac680000, 0x00000000d5580000)
  object space 727552K, 99% used [0x0000000080000000,0x00000000ac62f2c8,0x00000000ac680000)
 Metaspace       used 100290K, committed 102080K, reserved 1179648K
  class space    used 10111K, committed 10944K, reserved 1048576K
}
Event: 79404.350 GC heap after
{Heap after GC invocations=3341 (full 7):
 PSYoungGen      total 9728K, used 276K [0x00000000d5580000, 0x00000000d6200000, 0x0000000100000000)
  eden space 9216K, 0% used [0x00000000d5580000,0x00000000d5580000,0x00000000d5e80000)
  from space 512K, 54% used [0x00000000d6100000,0x00000000d6145200,0x00000000d6180000)
  to   space 512K, 0% used [0x00000000d6180000,0x00000000d6180000,0x00000000d6200000)
 ParOldGen       total 727552K, used 727292K [0x0000000080000000, 0x00000000ac680000, 0x00000000d5580000)
  object space 727552K, 99% used [0x0000000080000000,0x00000000ac63f2c8,0x00000000ac680000)
 Metaspace       used 100290K, committed 102080K, reserved 1179648K
  class space    used 10111K, committed 10944K, reserved 1048576K
}
Event: 79404.394 GC heap before
{Heap before GC invocations=3342 (full 7):
 PSYoungGen      total 9728K, used 9492K [0x00000000d5580000, 0x00000000d6200000, 0x0000000100000000)
  eden space 9216K, 99% used [0x00000000d5580000,0x00000000d5e7ffa8,0x00000000d5e80000)
  from space 512K, 54% used [0x00000000d6100000,0x00000000d6145200,0x00000000d6180000)
  to   space 512K, 0% used [0x00000000d6180000,0x00000000d6180000,0x00000000d6200000)
 ParOldGen       total 727552K, used 727292K [0x0000000080000000, 0x00000000ac680000, 0x00000000d5580000)
  object space 727552K, 99% used [0x0000000080000000,0x00000000ac63f2c8,0x00000000ac680000)
 Metaspace       used 100290K, committed 102080K, reserved 1179648K
  class space    used 10111K, committed 10944K, reserved 1048576K
}
Event: 79404.397 GC heap after
{Heap after GC invocations=3342 (full 7):
 PSYoungGen      total 9216K, used 505K [0x00000000d5580000, 0x00000000d6580000, 0x0000000100000000)
  eden space 8704K, 0% used [0x00000000d5580000,0x00000000d5580000,0x00000000d5e00000)
  from space 512K, 98% used [0x00000000d6180000,0x00000000d61fe5b0,0x00000000d6200000)
  to   space 3584K, 0% used [0x00000000d5e00000,0x00000000d5e00000,0x00000000d6180000)
 ParOldGen       total 730112K, used 729734K [0x0000000080000000, 0x00000000ac900000, 0x00000000d5580000)
  object space 730112K, 99% used [0x0000000080000000,0x00000000ac8a1878,0x00000000ac900000)
 Metaspace       used 100290K, committed 102080K, reserved 1179648K
  class space    used 10111K, committed 10944K, reserved 1048576K
}
Event: 79428.875 GC heap before
{Heap before GC invocations=3343 (full 7):
 PSYoungGen      total 9216K, used 9209K [0x00000000d5580000, 0x00000000d6580000, 0x0000000100000000)
  eden space 8704K, 100% used [0x00000000d5580000,0x00000000d5e00000,0x00000000d5e00000)
  from space 512K, 98% used [0x00000000d6180000,0x00000000d61fe5b0,0x00000000d6200000)
  to   space 3584K, 0% used [0x00000000d5e00000,0x00000000d5e00000,0x00000000d6180000)
 ParOldGen       total 730112K, used 729734K [0x0000000080000000, 0x00000000ac900000, 0x00000000d5580000)
  object space 730112K, 99% used [0x0000000080000000,0x00000000ac8a1878,0x00000000ac900000)
 Metaspace       used 100290K, committed 102080K, reserved 1179648K
  class space    used 10111K, committed 10944K, reserved 1048576K
}
Event: 79428.880 GC heap after
{Heap after GC invocations=3343 (full 7):
 PSYoungGen      total 11264K, used 2258K [0x00000000d5580000, 0x00000000d6300000, 0x0000000100000000)
  eden space 8704K, 0% used [0x00000000d5580000,0x00000000d5580000,0x00000000d5e00000)
  from space 2560K, 88% used [0x00000000d5e00000,0x00000000d6034b60,0x00000000d6080000)
  to   space 2560K, 0% used [0x00000000d6080000,0x00000000d6080000,0x00000000d6300000)
 ParOldGen       total 730112K, used 730024K [0x0000000080000000, 0x00000000ac900000, 0x00000000d5580000)
  object space 730112K, 99% used [0x0000000080000000,0x00000000ac8ea178,0x00000000ac900000)
 Metaspace       used 100290K, committed 102080K, reserved 1179648K
  class space    used 10111K, committed 10944K, reserved 1048576K
}
Event: 79428.893 GC heap before
{Heap before GC invocations=3344 (full 7):
 PSYoungGen      total 11264K, used 10962K [0x00000000d5580000, 0x00000000d6300000, 0x0000000100000000)
  eden space 8704K, 100% used [0x00000000d5580000,0x00000000d5e00000,0x00000000d5e00000)
  from space 2560K, 88% used [0x00000000d5e00000,0x00000000d6034b60,0x00000000d6080000)
  to   space 2560K, 0% used [0x00000000d6080000,0x00000000d6080000,0x00000000d6300000)
 ParOldGen       total 730112K, used 730024K [0x0000000080000000, 0x00000000ac900000, 0x00000000d5580000)
  object space 730112K, 99% used [0x0000000080000000,0x00000000ac8ea178,0x00000000ac900000)
 Metaspace       used 100290K, committed 102080K, reserved 1179648K
  class space    used 10111K, committed 10944K, reserved 1048576K
}
Event: 79428.897 GC heap after
{Heap after GC invocations=3344 (full 7):
 PSYoungGen      total 10240K, used 1240K [0x00000000d5580000, 0x00000000d6200000, 0x0000000100000000)
  eden space 8704K, 0% used [0x00000000d5580000,0x00000000d5580000,0x00000000d5e00000)
  from space 1536K, 80% used [0x00000000d6080000,0x00000000d61b6260,0x00000000d6200000)
  to   space 2048K, 0% used [0x00000000d5e00000,0x00000000d5e00000,0x00000000d6000000)
 ParOldGen       total 730624K, used 730304K [0x0000000080000000, 0x00000000ac980000, 0x00000000d5580000)
  object space 730624K, 99% used [0x0000000080000000,0x00000000ac930178,0x00000000ac980000)
 Metaspace       used 100290K, committed 102080K, reserved 1179648K
  class space    used 10111K, committed 10944K, reserved 1048576K
}
Event: 79435.583 GC heap before
{Heap before GC invocations=3345 (full 7):
 PSYoungGen      total 10240K, used 9944K [0x00000000d5580000, 0x00000000d6200000, 0x0000000100000000)
  eden space 8704K, 100% used [0x00000000d5580000,0x00000000d5e00000,0x00000000d5e00000)
  from space 1536K, 80% used [0x00000000d6080000,0x00000000d61b6260,0x00000000d6200000)
  to   space 2048K, 0% used [0x00000000d5e00000,0x00000000d5e00000,0x00000000d6000000)
 ParOldGen       total 730624K, used 730304K [0x0000000080000000, 0x00000000ac980000, 0x00000000d5580000)
  object space 730624K, 99% used [0x0000000080000000,0x00000000ac930178,0x00000000ac980000)
 Metaspace       used 100290K, committed 102080K, reserved 1179648K
  class space    used 10111K, committed 10944K, reserved 1048576K
}
Event: 79435.586 GC heap after
{Heap after GC invocations=3345 (full 7):
 PSYoungGen      total 10752K, used 250K [0x00000000d5580000, 0x00000000d6100000, 0x0000000100000000)
  eden space 8704K, 0% used [0x00000000d5580000,0x00000000d5580000,0x00000000d5e00000)
  from space 2048K, 12% used [0x00000000d5e00000,0x00000000d5e3e900,0x00000000d6000000)
  to   space 1024K, 0% used [0x00000000d6000000,0x00000000d6000000,0x00000000d6100000)
 ParOldGen       total 730624K, used 730328K [0x0000000080000000, 0x00000000ac980000, 0x00000000d5580000)
  object space 730624K, 99% used [0x0000000080000000,0x00000000ac936178,0x00000000ac980000)
 Metaspace       used 100290K, committed 102080K, reserved 1179648K
  class space    used 10111K, committed 10944K, reserved 1048576K
}
Event: 79539.534 GC heap before
{Heap before GC invocations=3346 (full 7):
 PSYoungGen      total 10752K, used 8954K [0x00000000d5580000, 0x00000000d6100000, 0x0000000100000000)
  eden space 8704K, 100% used [0x00000000d5580000,0x00000000d5e00000,0x00000000d5e00000)
  from space 2048K, 12% used [0x00000000d5e00000,0x00000000d5e3e900,0x00000000d6000000)
  to   space 1024K, 0% used [0x00000000d6000000,0x00000000d6000000,0x00000000d6100000)
 ParOldGen       total 730624K, used 730328K [0x0000000080000000, 0x00000000ac980000, 0x00000000d5580000)
  object space 730624K, 99% used [0x0000000080000000,0x00000000ac936178,0x00000000ac980000)
 Metaspace       used 100307K, committed 102080K, reserved 1179648K
  class space    used 10111K, committed 10944K, reserved 1048576K
}
Event: 79539.537 GC heap after
{Heap after GC invocations=3346 (full 7):
 PSYoungGen      total 9216K, used 224K [0x00000000d5580000, 0x00000000d6080000, 0x0000000100000000)
  eden space 8704K, 0% used [0x00000000d5580000,0x00000000d5580000,0x00000000d5e00000)
  from space 512K, 43% used [0x00000000d6000000,0x00000000d6038000,0x00000000d6080000)
  to   space 512K, 0% used [0x00000000d5f80000,0x00000000d5f80000,0x00000000d6000000)
 ParOldGen       total 730624K, used 730336K [0x0000000080000000, 0x00000000ac980000, 0x00000000d5580000)
  object space 730624K, 99% used [0x0000000080000000,0x00000000ac938178,0x00000000ac980000)
 Metaspace       used 100307K, committed 102080K, reserved 1179648K
  class space    used 10111K, committed 10944K, reserved 1048576K
}
Event: 79636.098 GC heap before
{Heap before GC invocations=3347 (full 7):
 PSYoungGen      total 9216K, used 8928K [0x00000000d5580000, 0x00000000d6080000, 0x0000000100000000)
  eden space 8704K, 100% used [0x00000000d5580000,0x00000000d5e00000,0x00000000d5e00000)
  from space 512K, 43% used [0x00000000d6000000,0x00000000d6038000,0x00000000d6080000)
  to   space 512K, 0% used [0x00000000d5f80000,0x00000000d5f80000,0x00000000d6000000)
 ParOldGen       total 730624K, used 730336K [0x0000000080000000, 0x00000000ac980000, 0x00000000d5580000)
  object space 730624K, 99% used [0x0000000080000000,0x00000000ac938178,0x00000000ac980000)
 Metaspace       used 100313K, committed 102080K, reserved 1179648K
  class space    used 10111K, committed 10944K, reserved 1048576K
}
Event: 79636.100 GC heap after
{Heap after GC invocations=3347 (full 7):
 PSYoungGen      total 9216K, used 288K [0x00000000d5580000, 0x00000000d6080000, 0x0000000100000000)
  eden space 8704K, 0% used [0x00000000d5580000,0x00000000d5580000,0x00000000d5e00000)
  from space 512K, 56% used [0x00000000d5f80000,0x00000000d5fc8000,0x00000000d6000000)
  to   space 512K, 0% used [0x00000000d6000000,0x00000000d6000000,0x00000000d6080000)
 ParOldGen       total 730624K, used 730368K [0x0000000080000000, 0x00000000ac980000, 0x00000000d5580000)
  object space 730624K, 99% used [0x0000000080000000,0x00000000ac940178,0x00000000ac980000)
 Metaspace       used 100313K, committed 102080K, reserved 1179648K
  class space    used 10111K, committed 10944K, reserved 1048576K
}

