# JRE version: OpenJDK Runtime Environment Temurin-21.0.11+10 (21.0.11+10) (build 21.0.11+10-LTS)
# Java VM: OpenJDK 64-Bit Server VM Temurin-21.0.11+10 (21.0.11+10-LTS, mixed mode, sharing, tiered, compressed oops, compressed class ptrs, parallel gc, windows-amd64)
GC Precious Log:
 CardTable entry size: 512
 CPUs: 12 total, 12 available
 Memory: 16068M
 Large Page Support: Disabled
 NUMA Support: Disabled
 Compressed Oops: Enabled (32-bit)
 Alignments: Space 512K, Generation 512K, Heap 2M
 Heap Min Capacity: 100M
 Heap Initial Capacity: 100M
 Heap Max Capacity: 2G
 Pre-touch: Disabled
 Parallel Workers: 10
Heap:
 PSYoungGen      total 19968K, used 16091K [0x00000000d5580000, 0x00000000d6c00000, 0x0000000100000000)
  eden space 18944K, 81% used [0x00000000d5580000,0x00000000d647ee98,0x00000000d6800000)
  from space 1024K, 71% used [0x00000000d6b00000,0x00000000d6bb8000,0x00000000d6c00000)
  to   space 1024K, 0% used [0x00000000d6900000,0x00000000d6900000,0x00000000d6a00000)
 ParOldGen       total 83456K, used 83010K [0x0000000080000000, 0x0000000085180000, 0x00000000d5580000)
  object space 83456K, 99% used [0x0000000080000000,0x0000000085110868,0x0000000085180000)
 Metaspace       used 68405K, committed 70016K, reserved 1114112K
  class space    used 7449K, committed 8192K, reserved 1048576K
GC Heap History (20 events):
Event: 21.889 GC heap before
{Heap before GC invocations=74 (full 3):
 PSYoungGen      total 21504K, used 21120K [0x00000000d5580000, 0x00000000d6c80000, 0x0000000100000000)
  eden space 19968K, 100% used [0x00000000d5580000,0x00000000d6900000,0x00000000d6900000)
  from space 1536K, 75% used [0x00000000d6b00000,0x00000000d6c20000,0x00000000d6c80000)
  to   space 1536K, 0% used [0x00000000d6980000,0x00000000d6980000,0x00000000d6b00000)
 ParOldGen       total 73728K, used 73609K [0x0000000080000000, 0x0000000084800000, 0x00000000d5580000)
  object space 73728K, 99% used [0x0000000080000000,0x00000000847e2690,0x0000000084800000)
 Metaspace       used 62931K, committed 64448K, reserved 1114112K
  class space    used 6869K, committed 7488K, reserved 1048576K
}
Event: 21.892 GC heap after
{Heap after GC invocations=74 (full 3):
 PSYoungGen      total 20992K, used 928K [0x00000000d5580000, 0x00000000d6c00000, 0x0000000100000000)
  eden space 19968K, 0% used [0x00000000d5580000,0x00000000d5580000,0x00000000d6900000)
  from space 1024K, 90% used [0x00000000d6980000,0x00000000d6a68000,0x00000000d6a80000)
  to   space 1536K, 0% used [0x00000000d6a80000,0x00000000d6a80000,0x00000000d6c00000)
 ParOldGen       total 74752K, used 74289K [0x0000000080000000, 0x0000000084900000, 0x00000000d5580000)
  object space 74752K, 99% used [0x0000000080000000,0x000000008488c690,0x0000000084900000)
 Metaspace       used 62931K, committed 64448K, reserved 1114112K
  class space    used 6869K, committed 7488K, reserved 1048576K
}
Event: 21.933 GC heap before
{Heap before GC invocations=75 (full 3):
 PSYoungGen      total 20992K, used 20896K [0x00000000d5580000, 0x00000000d6c00000, 0x0000000100000000)
  eden space 19968K, 100% used [0x00000000d5580000,0x00000000d6900000,0x00000000d6900000)
  from space 1024K, 90% used [0x00000000d6980000,0x00000000d6a68000,0x00000000d6a80000)
  to   space 1536K, 0% used [0x00000000d6a80000,0x00000000d6a80000,0x00000000d6c00000)
 ParOldGen       total 74752K, used 74289K [0x0000000080000000, 0x0000000084900000, 0x00000000d5580000)
  object space 74752K, 99% used [0x0000000080000000,0x000000008488c690,0x0000000084900000)
 Metaspace       used 62960K, committed 64448K, reserved 1114112K
  class space    used 6869K, committed 7488K, reserved 1048576K
}
Event: 21.935 GC heap after
{Heap after GC invocations=75 (full 3):
 PSYoungGen      total 20992K, used 800K [0x00000000d5580000, 0x00000000d6b80000, 0x0000000100000000)
  eden space 19968K, 0% used [0x00000000d5580000,0x00000000d5580000,0x00000000d6900000)
  from space 1024K, 78% used [0x00000000d6a80000,0x00000000d6b48000,0x00000000d6b80000)
  to   space 1024K, 0% used [0x00000000d6980000,0x00000000d6980000,0x00000000d6a80000)
 ParOldGen       total 75264K, used 74761K [0x0000000080000000, 0x0000000084980000, 0x00000000d5580000)
  object space 75264K, 99% used [0x0000000080000000,0x0000000084902690,0x0000000084980000)
 Metaspace       used 62960K, committed 64448K, reserved 1114112K
  class space    used 6869K, committed 7488K, reserved 1048576K
}
Event: 21.974 GC heap before
{Heap before GC invocations=76 (full 3):
 PSYoungGen      total 20992K, used 20768K [0x00000000d5580000, 0x00000000d6b80000, 0x0000000100000000)
  eden space 19968K, 100% used [0x00000000d5580000,0x00000000d6900000,0x00000000d6900000)
  from space 1024K, 78% used [0x00000000d6a80000,0x00000000d6b48000,0x00000000d6b80000)
  to   space 1024K, 0% used [0x00000000d6980000,0x00000000d6980000,0x00000000d6a80000)
 ParOldGen       total 75264K, used 74761K [0x0000000080000000, 0x0000000084980000, 0x00000000d5580000)
  object space 75264K, 99% used [0x0000000080000000,0x0000000084902690,0x0000000084980000)
 Metaspace       used 62973K, committed 64448K, reserved 1114112K
  class space    used 6870K, committed 7488K, reserved 1048576K
}
Event: 21.977 GC heap after
{Heap after GC invocations=76 (full 3):
 PSYoungGen      total 20992K, used 864K [0x00000000d5580000, 0x00000000d6b00000, 0x0000000100000000)
  eden space 19968K, 0% used [0x00000000d5580000,0x00000000d5580000,0x00000000d6900000)
  from space 1024K, 84% used [0x00000000d6980000,0x00000000d6a58000,0x00000000d6a80000)
  to   space 512K, 0% used [0x00000000d6a80000,0x00000000d6a80000,0x00000000d6b00000)
 ParOldGen       total 76288K, used 75977K [0x0000000080000000, 0x0000000084a80000, 0x00000000d5580000)
  object space 76288K, 99% used [0x0000000080000000,0x0000000084a32690,0x0000000084a80000)
 Metaspace       used 62973K, committed 64448K, reserved 1114112K
  class space    used 6870K, committed 7488K, reserved 1048576K
}
Event: 22.009 GC heap before
{Heap before GC invocations=77 (full 3):
 PSYoungGen      total 20992K, used 20832K [0x00000000d5580000, 0x00000000d6b00000, 0x0000000100000000)
  eden space 19968K, 100% used [0x00000000d5580000,0x00000000d6900000,0x00000000d6900000)
  from space 1024K, 84% used [0x00000000d6980000,0x00000000d6a58000,0x00000000d6a80000)
  to   space 512K, 0% used [0x00000000d6a80000,0x00000000d6a80000,0x00000000d6b00000)
 ParOldGen       total 76288K, used 75977K [0x0000000080000000, 0x0000000084a80000, 0x00000000d5580000)
  object space 76288K, 99% used [0x0000000080000000,0x0000000084a32690,0x0000000084a80000)
 Metaspace       used 62979K, committed 64448K, reserved 1114112K
  class space    used 6870K, committed 7488K, reserved 1048576K
}
Event: 22.011 GC heap after
{Heap after GC invocations=77 (full 3):
 PSYoungGen      total 20480K, used 512K [0x00000000d5580000, 0x00000000d6c00000, 0x0000000100000000)
  eden space 19968K, 0% used [0x00000000d5580000,0x00000000d5580000,0x00000000d6900000)
  from space 512K, 100% used [0x00000000d6a80000,0x00000000d6b00000,0x00000000d6b00000)
  to   space 1536K, 0% used [0x00000000d6900000,0x00000000d6900000,0x00000000d6a80000)
 ParOldGen       total 76800K, used 76632K [0x0000000080000000, 0x0000000084b00000, 0x00000000d5580000)
  object space 76800K, 99% used [0x0000000080000000,0x0000000084ad6128,0x0000000084b00000)
 Metaspace       used 62979K, committed 64448K, reserved 1114112K
  class space    used 6870K, committed 7488K, reserved 1048576K
}
Event: 22.041 GC heap before
{Heap before GC invocations=78 (full 3):
 PSYoungGen      total 20480K, used 20480K [0x00000000d5580000, 0x00000000d6c00000, 0x0000000100000000)
  eden space 19968K, 100% used [0x00000000d5580000,0x00000000d6900000,0x00000000d6900000)
  from space 512K, 100% used [0x00000000d6a80000,0x00000000d6b00000,0x00000000d6b00000)
  to   space 1536K, 0% used [0x00000000d6900000,0x00000000d6900000,0x00000000d6a80000)
 ParOldGen       total 76800K, used 76632K [0x0000000080000000, 0x0000000084b00000, 0x00000000d5580000)
  object space 76800K, 99% used [0x0000000080000000,0x0000000084ad6128,0x0000000084b00000)
 Metaspace       used 63030K, committed 64512K, reserved 1114112K
  class space    used 6870K, committed 7488K, reserved 1048576K
}
Event: 22.043 GC heap after
{Heap after GC invocations=78 (full 3):
 PSYoungGen      total 20480K, used 384K [0x00000000d5580000, 0x00000000d6b00000, 0x0000000100000000)
  eden space 19968K, 0% used [0x00000000d5580000,0x00000000d5580000,0x00000000d6900000)
  from space 512K, 75% used [0x00000000d6900000,0x00000000d6960000,0x00000000d6980000)
  to   space 1024K, 0% used [0x00000000d6a00000,0x00000000d6a00000,0x00000000d6b00000)
 ParOldGen       total 77312K, used 76948K [0x0000000080000000, 0x0000000084b80000, 0x00000000d5580000)
  object space 77312K, 99% used [0x0000000080000000,0x0000000084b25138,0x0000000084b80000)
 Metaspace       used 63030K, committed 64512K, reserved 1114112K
  class space    used 6870K, committed 7488K, reserved 1048576K
}
Event: 22.135 GC heap before
{Heap before GC invocations=79 (full 3):
 PSYoungGen      total 20480K, used 20352K [0x00000000d5580000, 0x00000000d6b00000, 0x0000000100000000)
  eden space 19968K, 100% used [0x00000000d5580000,0x00000000d6900000,0x00000000d6900000)
  from space 512K, 75% used [0x00000000d6900000,0x00000000d6960000,0x00000000d6980000)
  to   space 1024K, 0% used [0x00000000d6a00000,0x00000000d6a00000,0x00000000d6b00000)
 ParOldGen       total 77312K, used 76948K [0x0000000080000000, 0x0000000084b80000, 0x00000000d5580000)
  object space 77312K, 99% used [0x0000000080000000,0x0000000084b25138,0x0000000084b80000)
 Metaspace       used 63613K, committed 65088K, reserved 1114112K
  class space    used 6925K, committed 7552K, reserved 1048576K
}
Event: 22.137 GC heap after
{Heap after GC invocations=79 (full 3):
 PSYoungGen      total 19968K, used 1008K [0x00000000d5580000, 0x00000000d6d00000, 0x0000000100000000)
  eden space 18944K, 0% used [0x00000000d5580000,0x00000000d5580000,0x00000000d6800000)
  from space 1024K, 98% used [0x00000000d6a00000,0x00000000d6afc010,0x00000000d6b00000)
  to   space 2048K, 0% used [0x00000000d6800000,0x00000000d6800000,0x00000000d6a00000)
 ParOldGen       total 77824K, used 77660K [0x0000000080000000, 0x0000000084c00000, 0x00000000d5580000)
  object space 77824K, 99% used [0x0000000080000000,0x0000000084bd7138,0x0000000084c00000)
 Metaspace       used 63613K, committed 65088K, reserved 1114112K
  class space    used 6925K, committed 7552K, reserved 1048576K
}
Event: 22.431 GC heap before
{Heap before GC invocations=80 (full 3):
 PSYoungGen      total 19968K, used 19952K [0x00000000d5580000, 0x00000000d6d00000, 0x0000000100000000)
  eden space 18944K, 100% used [0x00000000d5580000,0x00000000d6800000,0x00000000d6800000)
  from space 1024K, 98% used [0x00000000d6a00000,0x00000000d6afc010,0x00000000d6b00000)
  to   space 2048K, 0% used [0x00000000d6800000,0x00000000d6800000,0x00000000d6a00000)
 ParOldGen       total 77824K, used 77660K [0x0000000080000000, 0x0000000084c00000, 0x00000000d5580000)
  object space 77824K, 99% used [0x0000000080000000,0x0000000084bd7138,0x0000000084c00000)
 Metaspace       used 64590K, committed 66048K, reserved 1114112K
  class space    used 7052K, committed 7680K, reserved 1048576K
}
Event: 22.436 GC heap after
{Heap after GC invocations=80 (full 3):
 PSYoungGen      total 20992K, used 2039K [0x00000000d5580000, 0x00000000d7000000, 0x0000000100000000)
  eden space 18944K, 0% used [0x00000000d5580000,0x00000000d5580000,0x00000000d6800000)
  from space 2048K, 99% used [0x00000000d6800000,0x00000000d69fde98,0x00000000d6a00000)
  to   space 4096K, 0% used [0x00000000d6c00000,0x00000000d6c00000,0x00000000d7000000)
 ParOldGen       total 79360K, used 79097K [0x0000000080000000, 0x0000000084d80000, 0x00000000d5580000)
  object space 79360K, 99% used [0x0000000080000000,0x0000000084d3e4f0,0x0000000084d80000)
 Metaspace       used 64590K, committed 66048K, reserved 1114112K
  class space    used 7052K, committed 7680K, reserved 1048576K
}
Event: 22.815 GC heap before
{Heap before GC invocations=81 (full 3):
 PSYoungGen      total 20992K, used 20983K [0x00000000d5580000, 0x00000000d7000000, 0x0000000100000000)
  eden space 18944K, 100% used [0x00000000d5580000,0x00000000d6800000,0x00000000d6800000)
  from space 2048K, 99% used [0x00000000d6800000,0x00000000d69fde98,0x00000000d6a00000)
  to   space 4096K, 0% used [0x00000000d6c00000,0x00000000d6c00000,0x00000000d7000000)
 ParOldGen       total 79360K, used 79097K [0x0000000080000000, 0x0000000084d80000, 0x00000000d5580000)
  object space 79360K, 99% used [0x0000000080000000,0x0000000084d3e4f0,0x0000000084d80000)
 Metaspace       used 66157K, committed 67712K, reserved 1114112K
  class space    used 7220K, committed 7872K, reserved 1048576K
}
Event: 22.822 GC heap after
{Heap after GC invocations=81 (full 3):
 PSYoungGen      total 20992K, used 2032K [0x00000000d5580000, 0x00000000d6e00000, 0x0000000100000000)
  eden space 18944K, 0% used [0x00000000d5580000,0x00000000d5580000,0x00000000d6800000)
  from space 2048K, 99% used [0x00000000d6c00000,0x00000000d6dfc368,0x00000000d6e00000)
  to   space 2560K, 0% used [0x00000000d6900000,0x00000000d6900000,0x00000000d6b80000)
 ParOldGen       total 81408K, used 80940K [0x0000000080000000, 0x0000000084f80000, 0x00000000d5580000)
  object space 81408K, 99% used [0x0000000080000000,0x0000000084f0b000,0x0000000084f80000)
 Metaspace       used 66157K, committed 67712K, reserved 1114112K
  class space    used 7220K, committed 7872K, reserved 1048576K
}
Event: 23.231 GC heap before
{Heap before GC invocations=82 (full 3):
 PSYoungGen      total 20992K, used 20964K [0x00000000d5580000, 0x00000000d6e00000, 0x0000000100000000)
  eden space 18944K, 99% used [0x00000000d5580000,0x00000000d67fcf48,0x00000000d6800000)
  from space 2048K, 99% used [0x00000000d6c00000,0x00000000d6dfc368,0x00000000d6e00000)
  to   space 2560K, 0% used [0x00000000d6900000,0x00000000d6900000,0x00000000d6b80000)
 ParOldGen       total 81408K, used 80940K [0x0000000080000000, 0x0000000084f80000, 0x00000000d5580000)
  object space 81408K, 99% used [0x0000000080000000,0x0000000084f0b000,0x0000000084f80000)
 Metaspace       used 66532K, committed 68032K, reserved 1114112K
  class space    used 7241K, committed 7872K, reserved 1048576K
}
Event: 23.234 GC heap after
{Heap after GC invocations=82 (full 3):
 PSYoungGen      total 19968K, used 672K [0x00000000d5580000, 0x00000000d6c80000, 0x0000000100000000)
  eden space 18944K, 0% used [0x00000000d5580000,0x00000000d5580000,0x00000000d6800000)
  from space 1024K, 65% used [0x00000000d6900000,0x00000000d69a8178,0x00000000d6a00000)
  to   space 1536K, 0% used [0x00000000d6b00000,0x00000000d6b00000,0x00000000d6c80000)
 ParOldGen       total 82944K, used 82794K [0x0000000080000000, 0x0000000085100000, 0x00000000d5580000)
  object space 82944K, 99% used [0x0000000080000000,0x00000000850da848,0x0000000085100000)
 Metaspace       used 66532K, committed 68032K, reserved 1114112K
  class space    used 7241K, committed 7872K, reserved 1048576K
}
Event: 24.026 GC heap before
{Heap before GC invocations=83 (full 3):
 PSYoungGen      total 19968K, used 19615K [0x00000000d5580000, 0x00000000d6c80000, 0x0000000100000000)
  eden space 18944K, 99% used [0x00000000d5580000,0x00000000d67ffe28,0x00000000d6800000)
  from space 1024K, 65% used [0x00000000d6900000,0x00000000d69a8178,0x00000000d6a00000)
  to   space 1536K, 0% used [0x00000000d6b00000,0x00000000d6b00000,0x00000000d6c80000)
 ParOldGen       total 82944K, used 82794K [0x0000000080000000, 0x0000000085100000, 0x00000000d5580000)
  object space 82944K, 99% used [0x0000000080000000,0x00000000850da848,0x0000000085100000)
 Metaspace       used 67567K, committed 69120K, reserved 1114112K
  class space    used 7353K, committed 8000K, reserved 1048576K
}
Event: 24.029 GC heap after
{Heap after GC invocations=83 (full 3):
 PSYoungGen      total 19968K, used 736K [0x00000000d5580000, 0x00000000d6c00000, 0x0000000100000000)
  eden space 18944K, 0% used [0x00000000d5580000,0x00000000d5580000,0x00000000d6800000)
  from space 1024K, 71% used [0x00000000d6b00000,0x00000000d6bb8000,0x00000000d6c00000)
  to   space 1024K, 0% used [0x00000000d6900000,0x00000000d6900000,0x00000000d6a00000)
 ParOldGen       total 83456K, used 83010K [0x0000000080000000, 0x0000000085180000, 0x00000000d5580000)
  object space 83456K, 99% used [0x0000000080000000,0x0000000085110868,0x0000000085180000)
 Metaspace       used 67567K, committed 69120K, reserved 1114112K
  class space    used 7353K, committed 8000K, reserved 1048576K
}

